Command line invocation:
    /Applications/Xcode.app/Contents/Developer/usr/bin/xcodebuild -project ../OralableApp.xcodeproj -scheme OralableForDentists -configuration Debug -destination "platform=iOS Simulator,name=iPhone 17 Pro" build

Resolve Package Graph


Resolved source packages:
  swift-collections: https://github.com/apple/swift-collections.git @ 1.3.0
  swift-async-algorithms: https://github.com/apple/swift-async-algorithms.git @ 1.0.4

ComputePackagePrebuildTargetDependencyGraph

Prepare packages

CreateBuildRequest

SendProjectDescription

CreateBuildOperation

ComputeTargetDependencyGraph
note: Building targets in dependency order
note: Target dependency graph (1 target)
    Target 'OralableForDentists' in project 'OralableApp' (no dependencies)

GatherProvisioningInputs

CreateBuildDescription

ExecuteExternalTool /Applications/Xcode.app/Contents/Developer/Toolchains/XcodeDefault.xctoolchain/usr/bin/clang -v -E -dM -isysroot /Applications/Xcode.app/Contents/Developer/Platforms/iPhoneSimulator.platform/Developer/SDKs/iPhoneSimulator26.1.sdk -x c -c /dev/null

ExecuteExternalTool /Applications/Xcode.app/Contents/Developer/Toolchains/XcodeDefault.xctoolchain/usr/bin/swiftc --version

ExecuteExternalTool /Applications/Xcode.app/Contents/Developer/Toolchains/XcodeDefault.xctoolchain/usr/bin/ld -version_details

Build description signature: 4dbd87163cc98b363ba7fff54e2802af
Build description path: /Users/johnacogan67/Library/Developer/Xcode/DerivedData/Build/Intermediates.noindex/XCBuildData/4dbd87163cc98b363ba7fff54e2802af.xcbuilddata
ClangStatCache /Applications/Xcode.app/Contents/Developer/Toolchains/XcodeDefault.xctoolchain/usr/bin/clang-stat-cache /Applications/Xcode.app/Contents/Developer/Platforms/iPhoneSimulator.platform/Developer/SDKs/iPhoneSimulator26.1.sdk /Users/johnacogan67/Library/Developer/Xcode/DerivedData/SDKStatCaches.noindex/iphonesimulator26.1-23B77-3885c01c3e6b6a337905948deab2002e90cf18a4295e390e64c810bc6bd7acbc.sdkstatcache
    cd /Users/johnacogan67/Projects/oralable_ios/OralableApp/OralableApp.xcodeproj
    /Applications/Xcode.app/Contents/Developer/Toolchains/XcodeDefault.xctoolchain/usr/bin/clang-stat-cache /Applications/Xcode.app/Contents/Developer/Platforms/iPhoneSimulator.platform/Developer/SDKs/iPhoneSimulator26.1.sdk -o /Users/johnacogan67/Library/Developer/Xcode/DerivedData/SDKStatCaches.noindex/iphonesimulator26.1-23B77-3885c01c3e6b6a337905948deab2002e90cf18a4295e390e64c810bc6bd7acbc.sdkstatcache

WriteAuxiliaryFile /Users/johnacogan67/Library/Developer/Xcode/DerivedData/Build/Intermediates.noindex/OralableApp.build/Debug-iphonesimulator/OralableForDentists.build/Objects-normal/arm64/OralableForDentists.LinkFileList (in target 'OralableForDentists' from project 'OralableApp')
    cd /Users/johnacogan67/Projects/oralable_ios/OralableApp
    write-file /Users/johnacogan67/Library/Developer/Xcode/DerivedData/Build/Intermediates.noindex/OralableApp.build/Debug-iphonesimulator/OralableForDentists.build/Objects-normal/arm64/OralableForDentists.LinkFileList

WriteAuxiliaryFile /Users/johnacogan67/Library/Developer/Xcode/DerivedData/Build/Intermediates.noindex/OralableApp.build/Debug-iphonesimulator/OralableForDentists.build/Objects-normal/arm64/OralableForDentists.SwiftConstValuesFileList (in target 'OralableForDentists' from project 'OralableApp')
    cd /Users/johnacogan67/Projects/oralable_ios/OralableApp
    write-file /Users/johnacogan67/Library/Developer/Xcode/DerivedData/Build/Intermediates.noindex/OralableApp.build/Debug-iphonesimulator/OralableForDentists.build/Objects-normal/arm64/OralableForDentists.SwiftConstValuesFileList

WriteAuxiliaryFile /Users/johnacogan67/Library/Developer/Xcode/DerivedData/Build/Intermediates.noindex/OralableApp.build/Debug-iphonesimulator/OralableForDentists.build/Objects-normal/arm64/OralableForDentists-OutputFileMap.json (in target 'OralableForDentists' from project 'OralableApp')
    cd /Users/johnacogan67/Projects/oralable_ios/OralableApp
    write-file /Users/johnacogan67/Library/Developer/Xcode/DerivedData/Build/Intermediates.noindex/OralableApp.build/Debug-iphonesimulator/OralableForDentists.build/Objects-normal/arm64/OralableForDentists-OutputFileMap.json

WriteAuxiliaryFile /Users/johnacogan67/Library/Developer/Xcode/DerivedData/Build/Intermediates.noindex/OralableApp.build/Debug-iphonesimulator/OralableForDentists.build/Objects-normal/arm64/OralableForDentists.SwiftFileList (in target 'OralableForDentists' from project 'OralableApp')
    cd /Users/johnacogan67/Projects/oralable_ios/OralableApp
    write-file /Users/johnacogan67/Library/Developer/Xcode/DerivedData/Build/Intermediates.noindex/OralableApp.build/Debug-iphonesimulator/OralableForDentists.build/Objects-normal/arm64/OralableForDentists.SwiftFileList

ProcessInfoPlistFile /Users/johnacogan67/Library/Developer/Xcode/DerivedData/Build/Products/Debug-iphonesimulator/OralableForDentists.app/Info.plist /Users/johnacogan67/Projects/oralable_ios/OralableApp/OralableForDentists/Info.plist (in target 'OralableForDentists' from project 'OralableApp')
    cd /Users/johnacogan67/Projects/oralable_ios/OralableApp
    builtin-infoPlistUtility /Users/johnacogan67/Projects/oralable_ios/OralableApp/OralableForDentists/Info.plist -producttype com.apple.product-type.application -genpkginfo /Users/johnacogan67/Library/Developer/Xcode/DerivedData/Build/Products/Debug-iphonesimulator/OralableForDentists.app/PkgInfo -expandbuildsettings -format binary -platform iphonesimulator -o /Users/johnacogan67/Library/Developer/Xcode/DerivedData/Build/Products/Debug-iphonesimulator/OralableForDentists.app/Info.plist

SwiftDriver OralableForDentists normal arm64 com.apple.xcode.tools.swift.compiler (in target 'OralableForDentists' from project 'OralableApp')
    cd /Users/johnacogan67/Projects/oralable_ios/OralableApp
    builtin-SwiftDriver -- /Applications/Xcode.app/Contents/Developer/Toolchains/XcodeDefault.xctoolchain/usr/bin/swiftc -module-name OralableForDentists -Onone -enforce-exclusivity\=checked @/Users/johnacogan67/Library/Developer/Xcode/DerivedData/Build/Intermediates.noindex/OralableApp.build/Debug-iphonesimulator/OralableForDentists.build/Objects-normal/arm64/OralableForDentists.SwiftFileList -DDEBUG -default-isolation\=MainActor -enable-bare-slash-regex -enable-upcoming-feature DisableOutwardActorInference -enable-upcoming-feature InferSendableFromCaptures -enable-upcoming-feature GlobalActorIsolatedTypesUsability -enable-upcoming-feature MemberImportVisibility -enable-upcoming-feature InferIsolatedConformances -enable-upcoming-feature NonisolatedNonsendingByDefault -enable-experimental-feature DebugDescriptionMacro -sdk /Applications/Xcode.app/Contents/Developer/Platforms/iPhoneSimulator.platform/Developer/SDKs/iPhoneSimulator26.1.sdk -target arm64-apple-ios26.1-simulator -g -module-cache-path /Users/johnacogan67/Library/Developer/Xcode/DerivedData/ModuleCache.noindex -Xfrontend -serialize-debugging-options -profile-coverage-mapping -profile-generate -enable-testing -index-store-path /Users/johnacogan67/Library/Developer/Xcode/DerivedData/OralableApp-bbqtqzgjthkkwbbxnapmqywzpgkr/Index.noindex/DataStore -Xcc -D_LIBCPP_HARDENING_MODE\=_LIBCPP_HARDENING_MODE_DEBUG -swift-version 5 -I /Users/johnacogan67/Library/Developer/Xcode/DerivedData/Build/Products/Debug-iphonesimulator -F /Users/johnacogan67/Library/Developer/Xcode/DerivedData/Build/Products/Debug-iphonesimulator -emit-localized-strings -emit-localized-strings-path /Users/johnacogan67/Library/Developer/Xcode/DerivedData/Build/Intermediates.noindex/OralableApp.build/Debug-iphonesimulator/OralableForDentists.build/Objects-normal/arm64 -c -j8 -enable-batch-mode -incremental -Xcc -ivfsstatcache -Xcc /Users/johnacogan67/Library/Developer/Xcode/DerivedData/SDKStatCaches.noindex/iphonesimulator26.1-23B77-3885c01c3e6b6a337905948deab2002e90cf18a4295e390e64c810bc6bd7acbc.sdkstatcache -output-file-map /Users/johnacogan67/Library/Developer/Xcode/DerivedData/Build/Intermediates.noindex/OralableApp.build/Debug-iphonesimulator/OralableForDentists.build/Objects-normal/arm64/OralableForDentists-OutputFileMap.json -use-frontend-parseable-output -save-temps -no-color-diagnostics -explicit-module-build -module-cache-path /Users/johnacogan67/Library/Developer/Xcode/DerivedData/Build/Intermediates.noindex/SwiftExplicitPrecompiledModules -clang-scanner-module-cache-path /Users/johnacogan67/Library/Developer/Xcode/DerivedData/ModuleCache.noindex -sdk-module-cache-path /Users/johnacogan67/Library/Developer/Xcode/DerivedData/ModuleCache.noindex -serialize-diagnostics -emit-dependencies -emit-module -emit-module-path /Users/johnacogan67/Library/Developer/Xcode/DerivedData/Build/Intermediates.noindex/OralableApp.build/Debug-iphonesimulator/OralableForDentists.build/Objects-normal/arm64/OralableForDentists.swiftmodule -validate-clang-modules-once -clang-build-session-file /Users/johnacogan67/Library/Developer/Xcode/DerivedData/ModuleCache.noindex/Session.modulevalidation -Xcc -I/Users/johnacogan67/Library/Developer/Xcode/DerivedData/Build/Intermediates.noindex/OralableApp.build/Debug-iphonesimulator/OralableForDentists.build/swift-overrides.hmap -emit-const-values -Xfrontend -const-gather-protocols-file -Xfrontend /Users/johnacogan67/Library/Developer/Xcode/DerivedData/Build/Intermediates.noindex/OralableApp.build/Debug-iphonesimulator/OralableForDentists.build/Objects-normal/arm64/OralableForDentists_const_extract_protocols.json -Xcc -iquote -Xcc /Users/johnacogan67/Library/Developer/Xcode/DerivedData/Build/Intermediates.noindex/OralableApp.build/Debug-iphonesimulator/OralableForDentists.build/OralableForDentists-generated-files.hmap -Xcc -I/Users/johnacogan67/Library/Developer/Xcode/DerivedData/Build/Intermediates.noindex/OralableApp.build/Debug-iphonesimulator/OralableForDentists.build/OralableForDentists-own-target-headers.hmap -Xcc -I/Users/johnacogan67/Library/Developer/Xcode/DerivedData/Build/Intermediates.noindex/OralableApp.build/Debug-iphonesimulator/OralableForDentists.build/OralableForDentists-all-target-headers.hmap -Xcc -iquote -Xcc /Users/johnacogan67/Library/Developer/Xcode/DerivedData/Build/Intermediates.noindex/OralableApp.build/Debug-iphonesimulator/OralableForDentists.build/OralableForDentists-project-headers.hmap -Xcc -I/Users/johnacogan67/Library/Developer/Xcode/DerivedData/Build/Products/Debug-iphonesimulator/include -Xcc -I/Users/johnacogan67/Library/Developer/Xcode/DerivedData/Build/Intermediates.noindex/OralableApp.build/Debug-iphonesimulator/OralableForDentists.build/DerivedSources-normal/arm64 -Xcc -I/Users/johnacogan67/Library/Developer/Xcode/DerivedData/Build/Intermediates.noindex/OralableApp.build/Debug-iphonesimulator/OralableForDentists.build/DerivedSources/arm64 -Xcc -I/Users/johnacogan67/Library/Developer/Xcode/DerivedData/Build/Intermediates.noindex/OralableApp.build/Debug-iphonesimulator/OralableForDentists.build/DerivedSources -Xcc -DDEBUG\=1 -emit-objc-header -emit-objc-header-path /Users/johnacogan67/Library/Developer/Xcode/DerivedData/Build/Intermediates.noindex/OralableApp.build/Debug-iphonesimulator/OralableForDentists.build/Objects-normal/arm64/OralableForDentists-Swift.h -working-directory /Users/johnacogan67/Projects/oralable_ios/OralableApp -experimental-emit-module-separately -disable-cmo

SwiftCompile normal arm64 Compiling\ PatientDetailView.swift /Users/johnacogan67/Projects/oralable_ios/OralableApp/OralableForDentists/Views/PatientDetailView.swift (in target 'OralableForDentists' from project 'OralableApp')

SwiftCompile normal arm64 /Users/johnacogan67/Projects/oralable_ios/OralableApp/OralableForDentists/Views/PatientDetailView.swift (in target 'OralableForDentists' from project 'OralableApp')
    cd /Users/johnacogan67/Projects/oralable_ios/OralableApp
    

SwiftCompile normal arm64 Compiling\ DentistSubscriptionManager.swift,\ PatientListViewModel.swift /Users/johnacogan67/Projects/oralable_ios/OralableApp/OralableForDentists/Managers/DentistSubscriptionManager.swift /Users/johnacogan67/Projects/oralable_ios/OralableApp/OralableForDentists/ViewModels/PatientListViewModel.swift (in target 'OralableForDentists' from project 'OralableApp')

SwiftCompile normal arm64 /Users/johnacogan67/Projects/oralable_ios/OralableApp/OralableForDentists/Managers/DentistSubscriptionManager.swift (in target 'OralableForDentists' from project 'OralableApp')
    cd /Users/johnacogan67/Projects/oralable_ios/OralableApp
    

SwiftCompile normal arm64 /Users/johnacogan67/Projects/oralable_ios/OralableApp/OralableForDentists/ViewModels/PatientListViewModel.swift (in target 'OralableForDentists' from project 'OralableApp')
    cd /Users/johnacogan67/Projects/oralable_ios/OralableApp
    

SwiftCompile normal arm64 Compiling\ DentistAuthenticationManager.swift,\ DentistDataManager.swift /Users/johnacogan67/Projects/oralable_ios/OralableApp/OralableForDentists/Managers/DentistAuthenticationManager.swift /Users/johnacogan67/Projects/oralable_ios/OralableApp/OralableForDentists/Managers/DentistDataManager.swift (in target 'OralableForDentists' from project 'OralableApp')

SwiftCompile normal arm64 /Users/johnacogan67/Projects/oralable_ios/OralableApp/OralableForDentists/Managers/DentistAuthenticationManager.swift (in target 'OralableForDentists' from project 'OralableApp')
    cd /Users/johnacogan67/Projects/oralable_ios/OralableApp
    

SwiftCompile normal arm64 /Users/johnacogan67/Projects/oralable_ios/OralableApp/OralableForDentists/Managers/DentistDataManager.swift (in target 'OralableForDentists' from project 'OralableApp')
    cd /Users/johnacogan67/Projects/oralable_ios/OralableApp
    

SwiftCompile normal arm64 Compiling\ Logger.swift,\ DentistAppDependencies.swift /Users/johnacogan67/Projects/oralable_ios/OralableApp/OralableApp/Managers/Logger.swift /Users/johnacogan67/Projects/oralable_ios/OralableApp/OralableForDentists/Managers/DentistAppDependencies.swift (in target 'OralableForDentists' from project 'OralableApp')
Failed frontend command:
/Applications/Xcode.app/Contents/Developer/Toolchains/XcodeDefault.xctoolchain/usr/bin/swift-frontend -frontend -c -primary-file /Users/johnacogan67/Projects/oralable_ios/OralableApp/OralableApp/Managers/Logger.swift -primary-file /Users/johnacogan67/Projects/oralable_ios/OralableApp/OralableForDentists/Managers/DentistAppDependencies.swift /Users/johnacogan67/Projects/oralable_ios/OralableApp/OralableForDentists/Managers/DentistAuthenticationManager.swift /Users/johnacogan67/Projects/oralable_ios/OralableApp/OralableForDentists/Managers/DentistDataManager.swift /Users/johnacogan67/Projects/oralable_ios/OralableApp/OralableForDentists/Managers/DentistSubscriptionManager.swift /Users/johnacogan67/Projects/oralable_ios/OralableApp/OralableForDentists/ViewModels/AddPatientViewModel.swift /Users/johnacogan67/Projects/oralable_ios/OralableApp/OralableForDentists/ViewModels/DentistSettingsViewModel.swift /Users/johnacogan67/Projects/oralable_ios/OralableApp/OralableForDentists/ViewModels/PatientListViewModel.swift /Users/johnacogan67/Projects/oralable_ios/OralableApp/OralableForDentists/Views/AddPatientView.swift /Users/johnacogan67/Projects/oralable_ios/OralableApp/OralableForDentists/Views/DentistSettingsView.swift /Users/johnacogan67/Projects/oralable_ios/OralableApp/OralableForDentists/Views/PatientDetailView.swift /Users/johnacogan67/Projects/oralable_ios/OralableApp/OralableForDentists/Views/PatientListView.swift /Users/johnacogan67/Projects/oralable_ios/OralableApp/OralableForDentists/Views/UpgradePromptView.swift /Users/johnacogan67/Projects/oralable_ios/OralableApp/OralableForDentists/OralableForDentists.swift -emit-dependencies-path /Users/johnacogan67/Library/Developer/Xcode/DerivedData/Build/Intermediates.noindex/OralableApp.build/Debug-iphonesimulator/OralableForDentists.build/Objects-normal/arm64/Logger.d -emit-const-values-path /Users/johnacogan67/Library/Developer/Xcode/DerivedData/Build/Intermediates.noindex/OralableApp.build/Debug-iphonesimulator/OralableForDentists.build/Objects-normal/arm64/Logger.swiftconstvalues -emit-reference-dependencies-path /Users/johnacogan67/Library/Developer/Xcode/DerivedData/Build/Intermediates.noindex/OralableApp.build/Debug-iphonesimulator/OralableForDentists.build/Objects-normal/arm64/Logger.swiftdeps -serialize-diagnostics-path /Users/johnacogan67/Library/Developer/Xcode/DerivedData/Build/Intermediates.noindex/OralableApp.build/Debug-iphonesimulator/OralableForDentists.build/Objects-normal/arm64/Logger.dia -emit-dependencies-path /Users/johnacogan67/Library/Developer/Xcode/DerivedData/Build/Intermediates.noindex/OralableApp.build/Debug-iphonesimulator/OralableForDentists.build/Objects-normal/arm64/DentistAppDependencies.d -emit-const-values-path /Users/johnacogan67/Library/Developer/Xcode/DerivedData/Build/Intermediates.noindex/OralableApp.build/Debug-iphonesimulator/OralableForDentists.build/Objects-normal/arm64/DentistAppDependencies.swiftconstvalues -emit-reference-dependencies-path /Users/johnacogan67/Library/Developer/Xcode/DerivedData/Build/Intermediates.noindex/OralableApp.build/Debug-iphonesimulator/OralableForDentists.build/Objects-normal/arm64/DentistAppDependencies.swiftdeps -serialize-diagnostics-path /Users/johnacogan67/Library/Developer/Xcode/DerivedData/Build/Intermediates.noindex/OralableApp.build/Debug-iphonesimulator/OralableForDentists.build/Objects-normal/arm64/DentistAppDependencies.dia -emit-localized-strings -emit-localized-strings-path /Users/johnacogan67/Library/Developer/Xcode/DerivedData/Build/Intermediates.noindex/OralableApp.build/Debug-iphonesimulator/OralableForDentists.build/Objects-normal/arm64 -target arm64-apple-ios26.1-simulator -disable-cross-import-overlay-search -swift-module-cross-import AuthenticationServices /Applications/Xcode.app/Contents/Developer/Platforms/iPhoneSimulator.platform/Developer/SDKs/iPhoneSimulator.sdk/System/Cryptexes/OS/System/Library/Frameworks/AuthenticationServices.framework/Modules/AuthenticationServices.swiftcrossimport/SwiftUI.swiftoverlay -swift-module-cross-import AuthenticationServices /Applications/Xcode.app/Contents/Developer/Platforms/iPhoneSimulator.platform/Developer/SDKs/iPhoneSimulator26.1.sdk/System/Library/Frameworks/AuthenticationServices.framework/Modules/AuthenticationServices.swiftcrossimport/SwiftUI.swiftoverlay -swift-module-cross-import StoreKit /Applications/Xcode.app/Contents/Developer/Platforms/iPhoneSimulator.platform/Developer/SDKs/iPhoneSimulator.sdk/System/Library/Frameworks/StoreKit.framework/Modules/StoreKit.swiftcrossimport/SwiftUI.swiftoverlay -swift-module-cross-import StoreKit /Applications/Xcode.app/Contents/Developer/Platforms/iPhoneSimulator.platform/Developer/SDKs/iPhoneSimulator26.1.sdk/System/Library/Frameworks/StoreKit.framework/Modules/StoreKit.swiftcrossimport/SwiftUI.swiftoverlay -load-resolved-plugin /Applications/Xcode.app/Contents/Developer/Platforms/iPhoneOS.platform/Developer/usr/lib/swift/host/plugins/libFoundationMacros.dylib\#/Applications/Xcode.app/Contents/Developer/Platforms/iPhoneOS.platform/Developer/usr/bin/swift-plugin-server\#FoundationMacros -load-resolved-plugin /Applications/Xcode.app/Contents/Developer/Platforms/iPhoneOS.platform/Developer/usr/lib/swift/host/plugins/libObservationMacros.dylib\#/Applications/Xcode.app/Contents/Developer/Platforms/iPhoneOS.platform/Developer/usr/bin/swift-plugin-server\#ObservationMacros -load-resolved-plugin /Applications/Xcode.app/Contents/Developer/Platforms/iPhoneOS.platform/Developer/usr/lib/swift/host/plugins/libPreviewsMacros.dylib\#/Applications/Xcode.app/Contents/Developer/Platforms/iPhoneOS.platform/Developer/usr/bin/swift-plugin-server\#PreviewsMacros -load-resolved-plugin /Applications/Xcode.app/Contents/Developer/Platforms/iPhoneOS.platform/Developer/usr/lib/swift/host/plugins/libSwiftMacros.dylib\#/Applications/Xcode.app/Contents/Developer/Platforms/iPhoneOS.platform/Developer/usr/bin/swift-plugin-server\#SwiftMacros -load-resolved-plugin /Applications/Xcode.app/Contents/Developer/Platforms/iPhoneOS.platform/Developer/usr/lib/swift/host/plugins/libSwiftUIMacros.dylib\#/Applications/Xcode.app/Contents/Developer/Platforms/iPhoneOS.platform/Developer/usr/bin/swift-plugin-server\#SwiftUIMacros -disable-implicit-swift-modules -Xcc -fno-implicit-modules -Xcc -fno-implicit-module-maps -explicit-swift-module-map-file /Users/johnacogan67/Library/Developer/Xcode/DerivedData/Build/Intermediates.noindex/OralableApp.build/Debug-iphonesimulator/OralableForDentists.build/Objects-normal/arm64/OralableForDentists-dependencies-1.json -Xllvm -aarch64-use-tbi -enable-objc-interop -sdk /Applications/Xcode.app/Contents/Developer/Platforms/iPhoneSimulator.platform/Developer/SDKs/iPhoneSimulator26.1.sdk -I /Users/johnacogan67/Library/Developer/Xcode/DerivedData/Build/Products/Debug-iphonesimulator -F /Users/johnacogan67/Library/Developer/Xcode/DerivedData/Build/Products/Debug-iphonesimulator -no-color-diagnostics -Xcc -fno-color-diagnostics -enable-testing -g -debug-info-format\=dwarf -dwarf-version\=5 -module-cache-path /Users/johnacogan67/Library/Developer/Xcode/DerivedData/Build/Intermediates.noindex/SwiftExplicitPrecompiledModules -profile-generate -profile-coverage-mapping -swift-version 5 -enforce-exclusivity\=checked -Onone -D DEBUG -serialize-debugging-options -const-gather-protocols-file /Users/johnacogan67/Library/Developer/Xcode/DerivedData/Build/Intermediates.noindex/OralableApp.build/Debug-iphonesimulator/OralableForDentists.build/Objects-normal/arm64/OralableForDentists_const_extract_protocols.json -enable-upcoming-feature DisableOutwardActorInference -enable-upcoming-feature InferSendableFromCaptures -enable-upcoming-feature GlobalActorIsolatedTypesUsability -enable-upcoming-feature MemberImportVisibility -enable-upcoming-feature InferIsolatedConformances -enable-upcoming-feature NonisolatedNonsendingByDefault -enable-experimental-feature DebugDescriptionMacro -enable-bare-slash-regex -default-isolation\=MainActor -empty-abi-descriptor -validate-clang-modules-once -clang-build-session-file /Users/johnacogan67/Library/Developer/Xcode/DerivedData/ModuleCache.noindex/Session.modulevalidation -Xcc -working-directory -Xcc /Users/johnacogan67/Projects/oralable_ios/OralableApp -enable-anonymous-context-mangled-names -file-compilation-dir /Users/johnacogan67/Projects/oralable_ios/OralableApp -Xcc -D_LIBCPP_HARDENING_MODE\=_LIBCPP_HARDENING_MODE_DEBUG -Xcc -ivfsstatcache -Xcc /Users/johnacogan67/Library/Developer/Xcode/DerivedData/SDKStatCaches.noindex/iphonesimulator26.1-23B77-3885c01c3e6b6a337905948deab2002e90cf18a4295e390e64c810bc6bd7acbc.sdkstatcache -Xcc -I/Users/johnacogan67/Library/Developer/Xcode/DerivedData/Build/Intermediates.noindex/OralableApp.build/Debug-iphonesimulator/OralableForDentists.build/swift-overrides.hmap -Xcc -iquote -Xcc /Users/johnacogan67/Library/Developer/Xcode/DerivedData/Build/Intermediates.noindex/OralableApp.build/Debug-iphonesimulator/OralableForDentists.build/OralableForDentists-generated-files.hmap -Xcc -I/Users/johnacogan67/Library/Developer/Xcode/DerivedData/Build/Intermediates.noindex/OralableApp.build/Debug-iphonesimulator/OralableForDentists.build/OralableForDentists-own-target-headers.hmap -Xcc -I/Users/johnacogan67/Library/Developer/Xcode/DerivedData/Build/Intermediates.noindex/OralableApp.build/Debug-iphonesimulator/OralableForDentists.build/OralableForDentists-all-target-headers.hmap -Xcc -iquote -Xcc /Users/johnacogan67/Library/Developer/Xcode/DerivedData/Build/Intermediates.noindex/OralableApp.build/Debug-iphonesimulator/OralableForDentists.build/OralableForDentists-project-headers.hmap -Xcc -I/Users/johnacogan67/Library/Developer/Xcode/DerivedData/Build/Products/Debug-iphonesimulator/include -Xcc -I/Users/johnacogan67/Library/Developer/Xcode/DerivedData/Build/Intermediates.noindex/OralableApp.build/Debug-iphonesimulator/OralableForDentists.build/DerivedSources-normal/arm64 -Xcc -I/Users/johnacogan67/Library/Developer/Xcode/DerivedData/Build/Intermediates.noindex/OralableApp.build/Debug-iphonesimulator/OralableForDentists.build/DerivedSources/arm64 -Xcc -I/Users/johnacogan67/Library/Developer/Xcode/DerivedData/Build/Intermediates.noindex/OralableApp.build/Debug-iphonesimulator/OralableForDentists.build/DerivedSources -Xcc -DDEBUG\=1 -no-auto-bridging-header-chaining -module-name OralableForDentists -frontend-parseable-output -disable-clang-spi -target-sdk-version 26.1 -target-sdk-name iphonesimulator26.1 -clang-target arm64-apple-ios26.1-simulator -in-process-plugin-server-path /Applications/Xcode.app/Contents/Developer/Toolchains/XcodeDefault.xctoolchain/usr/lib/swift/host/libSwiftInProcPluginServer.dylib -o /Users/johnacogan67/Library/Developer/Xcode/DerivedData/Build/Intermediates.noindex/OralableApp.build/Debug-iphonesimulator/OralableForDentists.build/Objects-normal/arm64/Logger.o -o /Users/johnacogan67/Library/Developer/Xcode/DerivedData/Build/Intermediates.noindex/OralableApp.build/Debug-iphonesimulator/OralableForDentists.build/Objects-normal/arm64/DentistAppDependencies.o -index-unit-output-path /OralableApp.build/Debug-iphonesimulator/OralableForDentists.build/Objects-normal/arm64/Logger.o -index-unit-output-path /OralableApp.build/Debug-iphonesimulator/OralableForDentists.build/Objects-normal/arm64/DentistAppDependencies.o -index-store-path /Users/johnacogan67/Library/Developer/Xcode/DerivedData/OralableApp-bbqtqzgjthkkwbbxnapmqywzpgkr/Index.noindex/DataStore -index-system-modules

SwiftCompile normal arm64 /Users/johnacogan67/Projects/oralable_ios/OralableApp/OralableApp/Managers/Logger.swift (in target 'OralableForDentists' from project 'OralableApp')
    cd /Users/johnacogan67/Projects/oralable_ios/OralableApp
    
/Users/johnacogan67/Projects/oralable_ios/OralableApp/OralableApp/Managers/Logger.swift:19:33: error: cannot find type 'AppLoggingService' in scope
    private let loggingService: AppLoggingService
                                ^~~~~~~~~~~~~~~~~
/Users/johnacogan67/Projects/oralable_ios/OralableApp/OralableApp/Managers/Logger.swift:34:18: error: cannot find type 'LoggingService' in scope
    var service: LoggingService {
                 ^~~~~~~~~~~~~~
/Users/johnacogan67/Projects/oralable_ios/OralableApp/OralableApp/Managers/Logger.swift:67:21: error: cannot find type 'LogLevel' in scope
    func log(level: LogLevel, _ message: String, file: String = #file, function: String = #function, line: Int = #line) {
                    ^~~~~~~~
/Users/johnacogan67/Projects/oralable_ios/OralableApp/OralableApp/Managers/Logger.swift:24:31: error: cannot find 'AppLoggingService' in scope
        self.loggingService = AppLoggingService(maxLogEntries: 1000, enableFileLogging: true)
                              ^~~~~~~~~~~~~~~~~
/Users/johnacogan67/Projects/oralable_ios/OralableApp/OralableApp/Managers/Logger.swift:44:36: error: cannot infer contextual base in reference to member 'debug'
        loggingService.log(level: .debug, message: message, source: source)
                                  ~^~~~~
/Users/johnacogan67/Projects/oralable_ios/OralableApp/OralableApp/Managers/Logger.swift:51:36: error: cannot infer contextual base in reference to member 'info'
        loggingService.log(level: .info, message: message, source: source)
                                  ~^~~~
/Users/johnacogan67/Projects/oralable_ios/OralableApp/OralableApp/Managers/Logger.swift:57:36: error: cannot infer contextual base in reference to member 'warning'
        loggingService.log(level: .warning, message: message, source: source)
                                  ~^~~~~~~
/Users/johnacogan67/Projects/oralable_ios/OralableApp/OralableApp/Managers/Logger.swift:63:36: error: cannot infer contextual base in reference to member 'error'
        loggingService.log(level: .error, message: message, source: source)
                                  ~^~~~~

SwiftCompile normal arm64 /Users/johnacogan67/Projects/oralable_ios/OralableApp/OralableForDentists/Managers/DentistAppDependencies.swift (in target 'OralableForDentists' from project 'OralableApp')
    cd /Users/johnacogan67/Projects/oralable_ios/OralableApp
    

SwiftEmitModule normal arm64 Emitting\ module\ for\ OralableForDentists (in target 'OralableForDentists' from project 'OralableApp')
EmitSwiftModule normal arm64 (in target 'OralableForDentists' from project 'OralableApp')
    cd /Users/johnacogan67/Projects/oralable_ios/OralableApp
    

SwiftCompile normal arm64 Compiling\ PatientListView.swift /Users/johnacogan67/Projects/oralable_ios/OralableApp/OralableForDentists/Views/PatientListView.swift (in target 'OralableForDentists' from project 'OralableApp')

SwiftCompile normal arm64 /Users/johnacogan67/Projects/oralable_ios/OralableApp/OralableForDentists/Views/PatientListView.swift (in target 'OralableForDentists' from project 'OralableApp')
    cd /Users/johnacogan67/Projects/oralable_ios/OralableApp
    

SwiftCompile normal arm64 Compiling\ UpgradePromptView.swift /Users/johnacogan67/Projects/oralable_ios/OralableApp/OralableForDentists/Views/UpgradePromptView.swift (in target 'OralableForDentists' from project 'OralableApp')

SwiftCompile normal arm64 /Users/johnacogan67/Projects/oralable_ios/OralableApp/OralableForDentists/Views/UpgradePromptView.swift (in target 'OralableForDentists' from project 'OralableApp')
    cd /Users/johnacogan67/Projects/oralable_ios/OralableApp
    

SwiftCompile normal arm64 Compiling\ OralableForDentists.swift /Users/johnacogan67/Projects/oralable_ios/OralableApp/OralableForDentists/OralableForDentists.swift (in target 'OralableForDentists' from project 'OralableApp')

SwiftCompile normal arm64 /Users/johnacogan67/Projects/oralable_ios/OralableApp/OralableForDentists/OralableForDentists.swift (in target 'OralableForDentists' from project 'OralableApp')
    cd /Users/johnacogan67/Projects/oralable_ios/OralableApp
    

SwiftCompile normal arm64 Compiling\ AddPatientView.swift,\ DentistSettingsView.swift /Users/johnacogan67/Projects/oralable_ios/OralableApp/OralableForDentists/Views/AddPatientView.swift /Users/johnacogan67/Projects/oralable_ios/OralableApp/OralableForDentists/Views/DentistSettingsView.swift (in target 'OralableForDentists' from project 'OralableApp')

** BUILD FAILED **


The following build commands failed:
	SwiftCompile normal arm64 Compiling\ Logger.swift,\ DentistAppDependencies.swift /Users/johnacogan67/Projects/oralable_ios/OralableApp/OralableApp/Managers/Logger.swift /Users/johnacogan67/Projects/oralable_ios/OralableApp/OralableForDentists/Managers/DentistAppDependencies.swift (in target 'OralableForDentists' from project 'OralableApp')
	SwiftCompile normal arm64 /Users/johnacogan67/Projects/oralable_ios/OralableApp/OralableApp/Managers/Logger.swift (in target 'OralableForDentists' from project 'OralableApp')
	Building project OralableApp with scheme OralableForDentists and configuration Debug
(3 failures)
